navigate 2020/04/14 00:26:26 store
navigate 2020/04/14 00:26:26 main menu
navigate 2020/04/14 00:43:09 store
navigate 2020/04/14 00:43:09 main menu
navigate 2020/04/14 00:45:14 store
navigate 2020/04/14 00:45:14 main menu
navigate 2020/04/14 00:48:26 store
navigate 2020/04/14 00:48:26 main menu
navigate 2020/04/14 00:48:26 collections
exit game 2020/04/14 00:48:26 sign_out
exit game 2020/04/14 00:48:26 sign_out
exit game 2020/04/14 13:00:20 sign_out
exit game 2020/04/14 13:21:30 sign_out
exit game 2020/04/14 13:35:35 sign_out
navigate 2020/04/14 15:53:51 collections
list 2020/04/14 15:53:51 heroes:user_heroes
navigate 2020/04/14 19:59:37 collections
list 2020/04/14 19:59:37 heroes:user_current_hero
navigate 2020/04/14 22:48:37 collections
list 2020/04/14 22:48:37 heroes:user_current_hero
list 2020/04/14 22:48:37 heroes:user_heroes
list 2020/04/14 22:48:37 cards:user_current_hero_cards
list 2020/04/14 22:48:37 cards:user_current_deck_desk
list 2020/04/14 22:48:37 cards:user_cards_not_in_the_desk
add 2020/04/14 22:48:37 card:[Manic Soulcaster]:[Mage]
list 2020/04/14 22:48:37 cards:user_cards_not_in_the_desk
exit game 2020/04/14 22:48:37 sign_out
navigate 2020/04/14 22:48:37 collections
list 2020/04/14 22:48:37 cards:user_cards_not_in_the_desk
exit game 2020/04/14 22:48:37 sign_out
navigate 2020/05/02 17:10:30 store
navigate 2020/05/02 17:14:52 store
navigate 2020/05/02 17:14:52 main menu
navigate 2020/05/02 17:14:52 collections
navigate 2020/05/02 17:14:52 main menu
exit game 2020/05/02 17:14:52 sign_out
navigate 2020/05/02 17:20:20 start game
navigate 2020/05/02 17:20:20 main menu
navigate 2020/05/02 17:20:20 start game
exit game 2020/05/02 17:20:20 sign_out
navigate 2020/05/02 17:29:28 start game
navigate 2020/05/02 17:31:38 start game
navigate 2020/05/02 17:32:33 start game
navigate 2020/05/02 17:35:54 start game
exit game 2020/05/02 17:35:54 sign_out
navigate 2020/05/02 17:39:30 start game
exit game 2020/05/02 17:39:30 sign_out
navigate 2020/05/02 17:43:26 start game
exit game 2020/05/02 17:43:26 sign_out
navigate 2020/05/02 18:08:32 start game
exit game 2020/05/02 18:08:32 sign_out
navigate 2020/05/02 18:10:33 start game
exit game 2020/05/02 18:10:33 sign_out
navigate 2020/05/02 18:14:53 start game
exit game 2020/05/02 18:14:53 sign_out
navigate 2020/05/02 18:16:37 start game
navigate 2020/05/02 18:16:37 main menu
navigate 2020/05/02 18:16:37 start game
navigate 2020/05/02 18:16:37 main menu
navigate 2020/05/02 18:16:37 start game
exit game 2020/05/02 18:16:37 sign_out
navigate 2020/05/02 18:18:43 start game
exit game 2020/05/02 18:18:43 sign_out
navigate 2020/05/02 19:34:40 start game
exit game 2020/05/02 19:34:40 sign_out
navigate 2020/05/02 19:35:49 start game
navigate 2020/05/02 19:35:49 main menu
navigate 2020/05/02 19:35:49 start game
exit game 2020/05/02 19:35:49 sign_out
navigate 2020/05/03 15:04:59 store
exit game 2020/05/03 15:04:59 sign_out
navigate 2020/05/03 15:10:14 store
exit game 2020/05/03 15:10:14 sign_out
navigate 2020/05/03 15:24:02 store
exit game 2020/05/03 15:24:02 sign_out
navigate 2020/05/03 15:26:44 collections
exit game 2020/05/03 15:26:44 sign_out
navigate 2020/05/03 16:01:21 store
exit game 2020/05/03 16:01:21 sign_out
navigate 2020/05/03 16:22:13 collections
exit game 2020/05/03 16:22:13 sign_out
navigate 2020/05/03 16:23:47 collections
exit game 2020/05/03 16:23:47 sign_out
navigate 2020/05/03 16:25:44 collections
navigate 2020/05/03 16:25:44 main menu
navigate 2020/05/03 16:25:44 collections
exit game 2020/05/03 16:25:44 sign_out
navigate 2020/05/03 16:28:15 collections
exit game 2020/05/03 16:28:15 sign_out
navigate 2020/05/03 16:30:27 collections
exit game 2020/05/03 16:30:27 sign_out
navigate 2020/05/03 16:32:17 collections
remove 2020/05/03 16:32:17 card:[Shieldbearer]:[Mage]
exit game 2020/05/03 16:32:17 sign_out
navigate 2020/05/03 16:41:13 collections
navigate 2020/05/03 16:41:13 main menu
navigate 2020/05/03 16:41:13 collections
add 2020/05/03 16:41:13 card:[Shieldbearer]:[Mage]
exit game 2020/05/03 16:41:13 sign_out
navigate 2020/05/03 16:54:10 collections
navigate 2020/05/03 16:56:17 collections
navigate 2020/05/03 16:57:32 store
navigate 2020/05/03 16:57:32 main menu
navigate 2020/05/03 16:57:32 collections
navigate 2020/05/03 17:00:31 collections
navigate 2020/05/03 17:02:28 collections
add 2020/05/03 17:02:28 card:[Depth Charge]:[Mage]
remove 2020/05/03 17:02:28 card:[Shieldbearer]:[Mage]
exit game 2020/05/03 17:02:28 sign_out
navigate 2020/05/03 17:12:37 collections
navigate 2020/05/03 17:13:39 collections
add 2020/05/03 17:13:39 card:[Evasive Wyrm]:[Mage]
exit game 2020/05/03 17:13:39 sign_out
navigate 2020/05/03 18:23:40 collections
navigate 2020/05/03 18:23:40 collections
navigate 2020/05/03 18:24:49 collections
exit game 2020/05/03 18:24:49 sign_out
navigate 2020/05/03 18:26:39 collections
exit game 2020/05/03 18:26:39 sign_out
navigate 2020/05/03 18:28:32 collections
exit game 2020/05/03 18:28:32 sign_out
navigate 2020/05/03 18:30:05 collections
exit game 2020/05/03 18:30:05 sign_out
navigate 2020/05/03 18:32:40 collections
exit game 2020/05/03 18:32:40 sign_out
navigate 2020/05/03 18:39:21 collections
exit game 2020/05/03 18:39:21 sign_out
navigate 2020/05/03 18:46:33 collections
exit game 2020/05/03 18:46:33 sign_out
navigate 2020/05/03 18:49:00 collections
add 2020/05/03 18:49:00 card:[Depth Charge]:[Mage]
exit game 2020/05/03 18:49:00 sign_out
navigate 2020/05/03 18:54:34 collections
exit game 2020/05/03 18:54:34 sign_out
navigate 2020/05/03 18:56:05 collections
exit game 2020/05/03 18:56:05 sign_out
navigate 2020/05/03 18:58:42 collections
exit game 2020/05/03 18:58:42 sign_out
navigate 2020/05/03 19:07:02 collections
exit game 2020/05/03 19:07:02 sign_out
navigate 2020/05/03 19:09:32 collections
exit game 2020/05/03 19:09:32 sign_out
navigate 2020/05/03 19:24:04 store
navigate 2020/05/03 19:24:04 main menu
navigate 2020/05/03 19:24:04 collections
exit game 2020/05/03 19:24:04 sign_out
navigate 2020/05/03 19:25:54 collections
exit game 2020/05/03 19:25:54 sign_out
navigate 2020/05/03 19:31:06 collections
navigate 2020/05/03 19:31:06 main menu
navigate 2020/05/03 19:31:06 collections
navigate 2020/05/03 19:31:06 main menu
navigate 2020/05/03 19:31:06 start game
navigate 2020/05/03 19:31:06 main menu
navigate 2020/05/03 19:31:06 start game
navigate 2020/05/03 19:31:06 main menu
navigate 2020/05/03 19:31:06 start game
navigate 2020/05/03 19:31:06 main menu
navigate 2020/05/03 19:31:06 start game
exit game 2020/05/03 19:31:06 sign_out
navigate 2020/05/03 20:25:47 start game
navigate 2020/05/03 20:31:01 start game
exit game 2020/05/03 20:31:01 sign_out
navigate 2020/05/03 20:35:59 start game
exit game 2020/05/03 20:35:59 sign_out
navigate 2020/05/03 20:37:05 start game
exit game 2020/05/03 20:37:05 sign_out
navigate 2020/05/03 20:38:13 start game
exit game 2020/05/03 20:38:13 sign_out
navigate 2020/05/03 20:41:36 collections
add 2020/05/03 20:41:36 card:[Depth Charge]:[Mage]
add 2020/05/03 20:41:36 card:[Evasive Wyrm]:[Mage]
add 2020/05/03 20:41:36 card:[Blessing of the Ancients]:[Mage]
add 2020/05/03 20:41:36 card:[Piloted Shredder]:[Mage]
add 2020/05/03 20:41:36 card:[Stonetusk Boar]:[Mage]
navigate 2020/05/03 20:41:36 main menu
navigate 2020/05/03 20:41:36 start game
exit game 2020/05/03 20:41:36 sign_out
navigate 2020/05/03 20:45:41 collections
navigate 2020/05/03 20:45:41 main menu
navigate 2020/05/03 20:45:41 start game
exit game 2020/05/03 20:45:41 sign_out
navigate 2020/05/03 21:02:39 collections
add 2020/05/03 21:02:39 card:[Depth Charge]:[Mage]
add 2020/05/03 21:02:39 card:[Evasive Wyrm]:[Mage]
add 2020/05/03 21:02:39 card:[Blessing of the Ancients]:[Mage]
add 2020/05/03 21:02:39 card:[Piloted Shredder]:[Mage]
add 2020/05/03 21:02:39 card:[Stonetusk Boar]:[Mage]
navigate 2020/05/03 21:02:39 main menu
navigate 2020/05/03 21:02:39 start game
exit game 2020/05/03 21:02:39 sign_out
navigate 2020/05/03 21:12:29 start game
exit game 2020/05/03 21:12:29 sign_out
navigate 2020/05/03 21:16:35 start game
exit game 2020/05/03 21:16:35 sign_out
navigate 2020/05/03 21:21:56 start game
exit game 2020/05/03 21:21:56 sign_out
navigate 2020/05/03 21:23:43 start game
exit game 2020/05/03 21:23:43 sign_out
navigate 2020/05/03 21:41:15 start game
navigate 2020/05/03 21:41:15 start game
navigate 2020/05/03 21:42:17 start game
exit game 2020/05/03 21:42:17 sign_out
navigate 2020/05/03 21:44:36 start game
exit game 2020/05/03 21:44:36 sign_out
navigate 2020/05/03 21:52:17 start game
exit game 2020/05/03 21:52:17 sign_out
navigate 2020/05/03 21:54:00 start game
exit game 2020/05/03 21:54:00 sign_out
navigate 2020/05/03 22:01:01 start game
exit game 2020/05/03 22:01:01 sign_out
navigate 2020/05/03 22:02:27 start game
navigate 2020/05/03 22:03:30 start game
navigate 2020/05/04 10:04:25 start game
navigate 2020/05/04 10:04:25 main menu
navigate 2020/05/04 10:04:25 start game
exit game 2020/05/04 10:04:25 sign_out
navigate 2020/05/04 10:10:58 start game
exit game 2020/05/04 10:10:58 sign_out
navigate 2020/05/04 10:15:26 collections
navigate 2020/05/04 10:15:26 main menu
navigate 2020/05/04 10:15:26 store
exit game 2020/05/04 10:15:26 sign_out
navigate 2020/05/04 10:36:40 collection
navigate 2020/05/04 10:38:01 collection
navigate 2020/05/04 10:39:18 collection
navigate 2020/05/04 10:39:18 main menu
navigate 2020/05/04 10:39:18 store
exit game 2020/05/04 10:39:18 sign_out
navigate 2020/05/04 11:07:14 collections
add 2020/05/04 11:07:14 card:[Depth Charge]:[Mage]
add 2020/05/04 11:07:14 card:[Blessing of the Ancients]:[Mage]
add 2020/05/04 11:07:14 card:[Piloted Shredder]:[Mage]
navigate 2020/05/04 11:07:14 main menu
navigate 2020/05/04 11:07:14 collections
exit game 2020/05/04 11:07:14 sign_out
navigate 2020/05/04 11:27:11 store
navigate 2020/05/04 11:27:11 main menu
navigate 2020/05/04 11:27:11 collections
navigate 2020/05/04 11:27:11 main menu
navigate 2020/05/04 11:27:11 store
exit game 2020/05/04 11:27:11 sign_out
navigate 2020/05/04 11:37:28 store
exit game 2020/05/04 11:37:28 sign_out
navigate 2020/05/04 11:50:00 store
exit game 2020/05/04 11:50:00 sign_out
navigate 2020/05/04 11:57:13 store
exit game 2020/05/04 11:57:13 sign_out
navigate 2020/05/04 12:00:51 store
exit game 2020/05/04 12:00:51 sign_out
navigate 2020/05/04 12:24:29 collections
exit game 2020/05/04 12:24:29 sign_out
navigate 2020/05/04 12:26:21 collections
navigate 2020/05/04 12:26:21 main menu
navigate 2020/05/04 12:26:21 store
exit game 2020/05/04 12:26:21 sign_out
navigate 2020/05/04 12:41:37 collections
navigate 2020/05/04 12:41:37 main menu
navigate 2020/05/04 12:41:37 store
navigate 2020/05/04 12:41:37 main menu
navigate 2020/05/04 12:41:37 collections
add 2020/05/04 12:41:37 card:[Doomsayer]:[Mage]
add 2020/05/04 12:41:37 card:[Book of Specters]:[Mage]
add 2020/05/04 12:41:37 card:[Book of Specters]:[Mage]
add 2020/05/04 12:41:37 card:[Sprint]:[Mage]
navigate 2020/05/04 12:41:37 main menu
navigate 2020/05/04 12:41:37 store
exit game 2020/05/04 12:41:37 sign_out
navigate 2020/05/04 12:58:23 collections
remove 2020/05/04 12:58:23 card:[Cobalt Spellkin]:[Mage]
add 2020/05/04 12:58:23 card:[Mana Wyrm]:[Mage]
add 2020/05/04 12:58:23 card:[Murloc Raider]:[Mage]
add 2020/05/04 12:58:23 card:[Sprint]:[Mage]
add 2020/05/04 12:58:23 card:[Tomb Warden]:[Mage]
add 2020/05/04 12:58:23 card:[Tomb Warden]:[Mage]
add 2020/05/04 12:58:23 card:[Security Rover]:[Mage]
add 2020/05/04 12:58:23 card:[Security Rover]:[Mage]
add 2020/05/04 12:58:23 card:[Doomsayer]:[Mage]
add 2020/05/04 12:58:23 card:[Shieldbearer]:[Mage]
add 2020/05/04 12:58:23 card:[Stonetusk Boar]:[Mage]
add 2020/05/04 12:58:23 card:[Goldshire Footman]:[Mage]
navigate 2020/05/04 12:58:23 main menu
navigate 2020/05/04 12:58:23 collections
exit game 2020/05/04 12:58:23 sign_out
navigate 2020/05/04 13:19:44 store
navigate 2020/05/04 13:19:44 main menu
navigate 2020/05/04 13:19:44 collections
navigate 2020/05/04 13:19:44 main menu
navigate 2020/05/04 13:19:44 collections
navigate 2020/05/04 13:19:44 main menu
navigate 2020/05/04 13:19:44 store
navigate 2020/05/04 13:19:44 main menu
navigate 2020/05/04 13:19:44 collections
add 2020/05/04 13:19:44 card:[Hunter's Mark]:[Mage]
add 2020/05/04 13:19:44 card:[Hunter's Mark]:[Mage]
navigate 2020/05/04 13:19:44 main menu
navigate 2020/05/04 13:19:44 collections
add 2020/05/04 13:19:44 card:[Strength in Numbers]:[Mage]
add 2020/05/04 13:19:44 card:[Strength in Numbers]:[Mage]
add 2020/05/04 13:19:44 card:[Pharaoh's Blessing]:[Mage]
add 2020/05/04 13:19:44 card:[Pharaoh's Blessing]:[Mage]
navigate 2020/05/04 13:19:44 main menu
navigate 2020/05/04 13:19:44 start game
navigate 2020/05/04 13:19:44 start game
navigate 2020/05/04 13:19:44 start game
navigate 2020/05/04 13:19:44 start game
navigate 2020/05/04 13:19:44 start game
navigate 2020/05/04 14:07:50 start game
exit game 2020/05/04 14:07:50 sign_out
navigate 2020/05/04 14:10:13 start game
exit game 2020/05/04 14:10:13 sign_out
navigate 2020/05/04 14:11:56 start game
exit game 2020/05/04 14:11:56 sign_out
navigate 2020/05/04 14:13:57 start game
exit game 2020/05/04 14:13:57 sign_out
navigate 2020/05/04 14:24:12 start game
exit game 2020/05/04 14:24:12 sign_out
navigate 2020/05/04 14:26:59 start game
exit game 2020/05/04 14:26:59 sign_out
navigate 2020/05/04 14:29:02 start game
exit game 2020/05/04 14:29:02 sign_out
navigate 2020/05/04 16:01:07 start game
exit game 2020/05/04 16:01:07 sign_out
navigate 2020/05/04 16:08:22 collections
add 2020/05/04 16:08:22 card:[Swarm of Locusts]:[Mage]
remove 2020/05/04 16:08:22 card:[Doomsayer]:[Mage]
add 2020/05/04 16:08:22 card:[Battle Axe]:[Mage]
navigate 2020/05/04 16:08:22 main menu
navigate 2020/05/04 16:08:22 collection
exit game 2020/05/04 16:08:22 sign_out
navigate 2020/05/04 16:12:15 collections
remove 2020/05/04 16:12:15 card:[Sprint]:[Mage]
exit game 2020/05/04 16:12:15 sign_out
navigate 2020/05/04 16:14:21 start game
navigate 2020/05/04 16:14:21 main menu
navigate 2020/05/04 16:14:21 collections
navigate 2020/05/04 16:14:21 main menu
navigate 2020/05/04 16:14:21 start game
exit game 2020/05/04 16:14:21 sign_out
navigate 2020/05/04 16:22:59 start game
exit game 2020/05/04 16:22:59 sign_out
navigate 2020/05/04 16:29:01 start game
exit game 2020/05/04 16:29:01 sign_out
navigate 2020/05/04 16:31:50 start game
exit game 2020/05/04 16:31:50 sign_out
navigate 2020/05/04 17:36:06 passive page
navigate 2020/05/04 17:36:06 start game
game 2020/05/04 17:36:06 end turn
game 2020/05/04 17:36:06 draw true
exit game 2020/05/04 17:36:06 sign_out
navigate 2020/05/04 17:41:26 passive page
navigate 2020/05/04 17:41:26 start game
game 2020/05/04 17:41:26 end turn
game 2020/05/04 17:41:26 draw Pharaoh's Blessing
game 2020/05/04 17:41:26 end turn
game 2020/05/04 17:41:26 draw Mana Wyrm
game 2020/05/04 17:41:26 end turn
game 2020/05/04 17:41:26 draw Battle Axe
game 2020/05/04 17:41:26 play Strength in Numbers
game 2020/05/04 17:41:26 play Stonetusk Boar
exit game 2020/05/04 17:41:26 sign_out
navigate 2020/05/04 17:46:03 passive page
navigate 2020/05/04 17:46:03 start game
game 2020/05/04 17:46:03 end turn
game 2020/05/04 17:46:03 draw Goldshire Footman
game 2020/05/04 17:46:03 end turn
game 2020/05/04 17:46:03 draw Shieldbearer
game 2020/05/04 17:46:03 end turn
game 2020/05/04 17:46:03 draw Tomb Warden
game 2020/05/04 17:46:03 end turn
game 2020/05/04 17:46:03 draw Mana Wyrm
game 2020/05/04 17:46:03 end turn
game 2020/05/04 17:46:03 draw Murloc Raider
game 2020/05/04 17:46:03 end turn
game 2020/05/04 17:46:03 draw Swarm of Locusts
game 2020/05/04 17:46:03 end turn
game 2020/05/04 17:46:03 draw Book of Specters
game 2020/05/04 17:46:03 play Shieldbearer
game 2020/05/04 17:46:03 play Blessing of the Ancients
game 2020/05/04 17:46:03 play Piloted Shredder
game 2020/05/04 17:46:03 end turn
game 2020/05/04 17:46:03 draw Goldshire Footman
game 2020/05/04 17:46:03 end turn
game 2020/05/04 17:46:03 draw Hunter's Mark
game 2020/05/04 17:46:03 end turn
game 2020/05/04 17:46:03 draw Pharaoh's Blessing
game 2020/05/04 17:46:03 play Book of Specters
game 2020/05/04 17:46:03 play Swarm of Locusts
game 2020/05/04 17:46:03 play Depth Charge
game 2020/05/04 17:46:03 play Goldshire Footman
game 2020/05/04 17:46:03 end turn
game 2020/05/04 17:46:03 draw Book of Specters
game 2020/05/04 17:46:03 end turn
game 2020/05/04 17:46:03 draw Strength in Numbers
game 2020/05/04 17:46:03 end turn
game 2020/05/04 17:46:03 draw Pharaoh's Blessing
game 2020/05/04 17:46:03 end turn
game 2020/05/04 17:46:03 draw Strength in Numbers
game 2020/05/04 17:46:03 play Tomb Warden
game 2020/05/04 17:46:03 play Mana Wyrm
game 2020/05/04 17:46:03 end turn
game 2020/05/04 17:46:03 draw Battle Axe
game 2020/05/04 17:46:03 end turn
game 2020/05/04 17:46:03 draw Hunter's Mark
game 2020/05/04 17:46:03 end turn
game 2020/05/04 17:46:03 draw Murloc Raider
game 2020/05/04 17:46:03 play Battle Axe
navigate 2020/05/04 17:46:03 main menu
navigate 2020/05/04 17:46:03 passive page
navigate 2020/05/04 17:46:03 start game
game 2020/05/04 17:46:03 end turn
game 2020/05/04 17:46:03 draw Mana Wyrm
exit game 2020/05/04 17:46:03 sign_out
navigate 2020/05/04 17:50:22 passive page
navigate 2020/05/04 17:50:22 start game
game 2020/05/04 17:50:22 end turn
game 2020/05/04 17:50:22 draw Pharaoh's Blessing
game 2020/05/04 17:50:22 end turn
game 2020/05/04 17:50:22 draw Sprint
game 2020/05/04 17:50:22 end turn
game 2020/05/04 17:50:22 draw Hunter's Mark
game 2020/05/04 17:50:22 end turn
game 2020/05/04 17:50:22 draw Mana Wyrm
game 2020/05/04 17:50:22 play Mana Wyrm
navigate 2020/05/04 17:50:22 main menu
navigate 2020/05/04 17:50:22 passive page
navigate 2020/05/04 17:50:22 start game
game 2020/05/04 17:50:22 end turn
game 2020/05/04 17:50:22 draw Stonetusk Boar
game 2020/05/04 17:50:22 play Mana Wyrm
exit game 2020/05/04 17:50:22 sign_out
navigate 2020/05/04 17:52:31 passive page
navigate 2020/05/04 17:52:31 start game
game 2020/05/04 17:52:31 end turn
game 2020/05/04 17:52:31 draw Strength in Numbers
game 2020/05/04 17:52:31 end turn
game 2020/05/04 17:52:31 draw Stonetusk Boar
game 2020/05/04 17:52:31 end turn
game 2020/05/04 17:52:31 draw Doomsayer
game 2020/05/04 17:52:31 end turn
game 2020/05/04 17:52:31 draw Sprint
game 2020/05/04 17:52:31 play Shieldbearer
game 2020/05/04 17:52:31 play Goldshire Footman
navigate 2020/05/04 17:52:31 main menu
navigate 2020/05/04 17:52:31 passive page
navigate 2020/05/04 17:52:31 start game
game 2020/05/04 17:52:31 end turn
game 2020/05/04 17:52:31 draw Swarm of Locusts
exit game 2020/05/04 17:52:31 sign_out
navigate 2020/05/04 17:54:43 passive page
navigate 2020/05/04 17:54:43 start game
game 2020/05/04 17:54:43 end turn
game 2020/05/04 17:54:43 draw Doomsayer
game 2020/05/04 17:54:43 end turn
game 2020/05/04 17:54:43 draw Strength in Numbers
game 2020/05/04 17:54:43 end turn
game 2020/05/04 17:54:43 draw Shieldbearer
game 2020/05/04 17:54:43 end turn
game 2020/05/04 17:54:43 draw Shieldbearer
game 2020/05/04 17:54:43 play Mana Wyrm
navigate 2020/05/04 17:54:43 main menu
navigate 2020/05/04 17:54:43 passive page
navigate 2020/05/04 17:54:43 start game
game 2020/05/04 17:54:43 end turn
game 2020/05/04 17:54:43 draw Shieldbearer
game 2020/05/04 17:54:43 end turn
game 2020/05/04 17:54:43 draw Strength in Numbers
game 2020/05/04 17:54:43 end turn
game 2020/05/04 17:54:43 draw Security Rover
game 2020/05/04 17:54:43 end turn
game 2020/05/04 17:54:43 draw Goldshire Footman
exit game 2020/05/04 17:54:43 sign_out
navigate 2020/05/04 17:57:20 passive page
navigate 2020/05/04 17:57:20 start game
game 2020/05/04 17:57:20 end turn
game 2020/05/04 17:57:20 draw Book of Specters
game 2020/05/04 17:57:20 end turn
game 2020/05/04 17:57:20 draw Hunter's Mark
game 2020/05/04 17:57:20 end turn
game 2020/05/04 17:57:20 draw Murloc Raider
game 2020/05/04 17:57:20 play Battle Axe
game 2020/05/04 17:57:20 play Murloc Raider
game 2020/05/04 17:57:20 end turn
game 2020/05/04 17:57:20 draw Stonetusk Boar
navigate 2020/05/04 17:57:20 main menu
navigate 2020/05/04 17:57:20 passive page
navigate 2020/05/04 17:57:20 start game
game 2020/05/04 17:57:20 end turn
game 2020/05/04 17:57:20 draw Depth Charge
exit game 2020/05/04 17:57:20 sign_out
navigate 2020/05/04 19:02:00 collection
navigate 2020/05/04 19:02:00 store menu
search 2020/05/04 19:02:00 cards to buy
buy 2020/05/04 19:02:00 Polymorph
serch by name 2020/05/04 19:02:00 
serch by name 2020/05/04 19:02:00 
serch by name 2020/05/04 19:02:00 
serch by name 2020/05/04 19:02:00 
serch by name 2020/05/04 19:02:00 
buy 2020/05/04 19:02:00 Battle Axe
serch by name 2020/05/04 19:02:00 
buy 2020/05/04 19:02:00 Sprint
serch by name 2020/05/04 19:02:00 
buy 2020/05/04 19:02:00 Hunter's Mark
serch by name 2020/05/04 19:02:00 
navigate 2020/05/04 19:02:00 main menu
navigate 2020/05/04 19:02:00 collections
add 2020/05/04 19:02:00 card:[Cobalt Spellkin]:[Mage]
add 2020/05/04 19:02:00 card:[Depth Charge]:[Mage]
add 2020/05/04 19:02:00 card:[Evasive Wyrm]:[Mage]
add 2020/05/04 19:02:00 card:[Blessing of the Ancients]:[Mage]
add 2020/05/04 19:02:00 card:[Piloted Shredder]:[Mage]
add 2020/05/04 19:02:00 card:[Goldshire Footman]:[Mage]
add 2020/05/04 19:02:00 card:[Murloc Raider]:[Mage]
add 2020/05/04 19:02:00 card:[Stonetusk Boar]:[Mage]
add 2020/05/04 19:02:00 card:[Shieldbearer]:[Mage]
add 2020/05/04 19:02:00 card:[Hunter's Mark]:[Mage]
add 2020/05/04 19:02:00 card:[Hunter's Mark]:[Mage]
add 2020/05/04 19:02:00 card:[Sprint]:[Mage]
add 2020/05/04 19:02:00 card:[Sprint]:[Mage]
navigate 2020/05/04 19:02:00 store menu
navigate 2020/05/04 19:02:00 main menu
navigate 2020/05/04 19:02:00 collections
add 2020/05/04 19:02:00 card:[Mana Wyrm]:[Mage]
add 2020/05/04 19:02:00 card:[Polymorph]:[Mage]
add 2020/05/04 19:02:00 card:[Polymorph]:[Mage]
add 2020/05/04 19:02:00 card:[Battle Axe]:[Mage]
navigate 2020/05/04 19:02:00 store menu
buy 2020/05/04 19:02:00 Gnomish Inventor
serch by name 2020/05/04 19:02:00 
buy 2020/05/04 19:02:00 Doomsayer
serch by name 2020/05/04 19:02:00 
serch by name 2020/05/04 19:02:00 
search 2020/05/04 19:02:00 cards to sell
search 2020/05/04 19:02:00 cards to buy
navigate 2020/05/04 19:02:00 main menu
navigate 2020/05/04 19:02:00 collections
add 2020/05/04 19:02:00 card:[Gnomish Inventor]:[Mage]
add 2020/05/04 19:02:00 card:[Gnomish Inventor]:[Mage]
add 2020/05/04 19:02:00 card:[Doomsayer]:[Mage]
navigate 2020/05/04 19:02:00 main menu
navigate 2020/05/04 19:02:00 collections
serch by name 2020/05/04 19:02:00 M
serch by name 2020/05/04 19:02:00 
navigate 2020/05/04 19:02:00 main menu
navigate 2020/05/04 19:02:00 passive page
choose passive 2020/05/04 19:02:00 nurse
navigate 2020/05/04 19:02:00 start game
game 2020/05/04 19:02:00 end turn
game 2020/05/04 19:02:00 draw Mana Wyrm
game 2020/05/04 19:02:00 end turn
game 2020/05/04 19:02:00 draw Depth Charge
game 2020/05/04 19:02:00 end turn
game 2020/05/04 19:02:00 draw Murloc Raider
game 2020/05/04 19:02:00 end turn
game 2020/05/04 19:02:00 draw Piloted Shredder
game 2020/05/04 19:02:00 end turn
game 2020/05/04 19:02:00 draw Stonetusk Boar
game 2020/05/04 19:02:00 end turn
game 2020/05/04 19:02:00 draw Evasive Wyrm
game 2020/05/04 19:02:00 play Murloc Raider
game 2020/05/04 19:02:00 play Mana Wyrm
game 2020/05/04 19:02:00 play Doomsayer
game 2020/05/04 19:02:00 play Hunter's Mark
game 2020/05/04 19:02:00 end turn
game 2020/05/04 19:02:00 draw Sprint
game 2020/05/04 19:02:00 end turn
game 2020/05/04 19:02:00 draw Goldshire Footman
game 2020/05/04 19:02:00 end turn
game 2020/05/04 19:02:00 draw Stonetusk Boar
game 2020/05/04 19:02:00 end turn
game 2020/05/04 19:02:00 draw Blessing of the Ancients
game 2020/05/04 19:02:00 end turn
game 2020/05/04 19:02:00 draw Polymorph
game 2020/05/04 19:02:00 end turn
game 2020/05/04 19:02:00 draw Shieldbearer
game 2020/05/04 19:02:00 end turn
game 2020/05/04 19:02:00 draw Murloc Raider
game 2020/05/04 19:02:00 end turn
game 2020/05/04 19:02:00 draw Blessing of the Ancients
game 2020/05/04 19:02:00 play Stonetusk Boar
game 2020/05/04 19:02:00 play Stonetusk Boar
game 2020/05/04 19:02:00 play Polymorph
game 2020/05/04 19:02:00 end turn
game 2020/05/04 19:02:00 draw Battle Axe
game 2020/05/04 19:02:00 end turn
game 2020/05/04 19:02:00 draw Polymorph
game 2020/05/04 19:02:00 play Evasive Wyrm
game 2020/05/04 19:02:00 end turn
game 2020/05/04 19:02:00 draw Shieldbearer
game 2020/05/04 19:02:00 end turn
game 2020/05/04 19:02:00 draw Piloted Shredder
game 2020/05/04 19:02:00 end turn
game 2020/05/04 19:02:00 draw Gnomish Inventor
game 2020/05/04 19:02:00 end turn
game 2020/05/04 19:02:00 draw Depth Charge
game 2020/05/04 19:02:00 end turn
game 2020/05/04 19:02:00 draw Hunter's Mark
game 2020/05/04 19:02:00 end turn
game 2020/05/04 19:02:00 draw Mana Wyrm
game 2020/05/04 19:02:00 end turn
game 2020/05/04 19:02:00 draw Evasive Wyrm
game 2020/05/04 19:02:00 end turn
game 2020/05/04 19:02:00 draw Cobalt Spellkin
game 2020/05/04 19:02:00 end turn
game 2020/05/04 19:02:00 draw Cobalt Spellkin
game 2020/05/04 19:02:00 end turn
game 2020/05/04 19:02:00 draw Gnomish Inventor
game 2020/05/04 19:02:00 end turn
game 2020/05/04 19:02:00 draw Goldshire Footman
game 2020/05/04 19:02:00 end turn
game 2020/05/04 19:02:00 end turn
game 2020/05/04 19:02:00 game finished
exit game 2020/05/04 19:02:00 sign_out
navigate 2020/05/04 19:13:51 passive page
navigate 2020/05/04 19:13:51 start game
game 2020/05/04 19:13:51 end turn
game 2020/05/04 19:13:51 draw Piloted Shredder
game 2020/05/04 19:13:51 end turn
game 2020/05/04 19:13:51 draw Gnomish Inventor
game 2020/05/04 19:13:51 end turn
game 2020/05/04 19:13:51 draw Polymorph
game 2020/05/04 19:13:51 end turn
game 2020/05/04 19:13:51 draw Hunter's Mark
game 2020/05/04 19:13:51 play Murloc Raider
game 2020/05/04 19:13:51 end turn
game 2020/05/04 19:13:51 draw Stonetusk Boar
game 2020/05/04 19:13:51 end turn
game 2020/05/04 19:13:51 draw Shieldbearer
game 2020/05/04 19:13:51 play Stonetusk Boar
navigate 2020/05/04 19:27:56 status
navigate 2020/05/04 19:29:20 status
navigate 2020/05/04 19:30:52 status
navigate 2020/05/04 19:33:58 status
navigate 2020/05/04 19:36:12 status
exit game 2020/05/04 19:36:12 sign_out
navigate 2020/05/04 19:37:08 status
exit game 2020/05/04 19:37:08 sign_out
navigate 2020/05/04 20:45:53 status
exit game 2020/05/04 20:45:53 sign_out
navigate 2020/05/04 21:09:30 status
navigate 2020/05/04 21:11:18 status
navigate 2020/05/04 21:16:47 status
navigate 2020/05/04 21:18:04 status
navigate 2020/05/04 21:20:31 status
navigate 2020/05/04 21:26:18 status
exit game 2020/05/04 21:26:18 sign_out
navigate 2020/05/04 21:32:05 status
navigate 2020/05/04 21:32:05 main menu
navigate 2020/05/04 21:32:05 collections
new deck 2020/05/04 21:32:05 meti
choose deck  2020/05/04 21:32:05 meti
add 2020/05/04 21:32:05 card:[Evasive Wyrm]:[Mage]
add 2020/05/04 21:32:05 card:[Shieldbearer]:[Mage]
add 2020/05/04 21:32:05 card:[Shieldbearer]:[Mage]
add 2020/05/04 21:32:05 card:[Stonetusk Boar]:[Mage]
add 2020/05/04 21:32:05 card:[Murloc Raider]:[Mage]
add 2020/05/04 21:32:05 card:[Goldshire Footman]:[Mage]
new deck 2020/05/04 21:32:05 haaaaaaa
navigate 2020/05/04 21:32:05 main menu
navigate 2020/05/04 21:32:05 status
navigate 2020/05/04 21:35:14 status
navigate 2020/05/04 21:36:17 status
navigate 2020/05/04 21:37:38 status
navigate 2020/05/04 21:44:45 status
exit game 2020/05/04 21:44:45 sign_out
navigate 2020/05/04 21:46:41 status
exit game 2020/05/04 21:46:41 sign_out
navigate 2020/05/04 21:48:05 status
exit game 2020/05/04 21:48:05 sign_out
navigate 2020/05/04 21:50:46 status
navigate 2020/05/04 21:50:46 main menu
navigate 2020/05/04 21:50:46 collection
choose deck  2020/05/04 21:50:46 1
navigate 2020/05/04 21:50:46 main menu
navigate 2020/05/04 21:50:46 passive page
navigate 2020/05/04 21:50:46 start game
exit game 2020/05/04 21:50:46 sign_out
navigate 2020/05/04 21:56:45 status
navigate 2020/05/04 21:56:45 main menu
navigate 2020/05/04 21:56:45 collections
navigate 2020/05/04 21:56:45 main menu
navigate 2020/05/04 21:56:45 store
navigate 2020/05/04 21:56:45 main menu
navigate 2020/05/04 21:56:45 passive page
navigate 2020/05/04 21:56:45 start game
exit game 2020/05/04 21:56:45 sign_out
navigate 2020/05/04 22:51:11 store
search 2020/05/04 22:51:11 cards to buy
search 2020/05/04 22:51:11 cards to buy
serch by name 2020/05/04 22:51:11 
buy 2020/05/04 22:51:11 Pharaoh's Blessing
search 2020/05/04 22:51:11 cards to buy
serch by name 2020/05/04 22:51:11 
exit game 2020/05/04 22:51:11 sign_out
navigate 2020/05/15 11:38:59 collections
choose deck  2020/05/15 11:38:59 meti
choose deck  2020/05/15 11:38:59 1
serch by mana 2020/05/15 11:38:59 mana cost :3
serch by mana 2020/05/15 11:38:59 mana cost :5
serch by name 2020/05/15 11:38:59 M
serch by name 2020/05/15 11:38:59 Ma
serch by name 2020/05/15 11:38:59 Man
serch by name 2020/05/15 11:38:59 Man\
serch by name 2020/05/15 11:38:59 Man
serch by name 2020/05/15 11:38:59 Ma
serch by name 2020/05/15 11:38:59 M
serch by name 2020/05/15 11:38:59 
navigate 2020/05/15 11:38:59 main menu
navigate 2020/05/15 11:38:59 store
search 2020/05/15 11:38:59 cards to buy
navigate 2020/05/15 11:38:59 main menu
navigate 2020/05/15 11:38:59 store
navigate 2020/05/15 11:38:59 main menu
navigate 2020/05/15 11:38:59 passive page
choose passive 2020/05/15 11:38:59 Battle Totem
navigate 2020/05/15 11:38:59 start game
game 2020/05/15 11:38:59 end turn
game 2020/05/15 11:38:59 draw Mana Wyrm
game 2020/05/15 11:38:59 play Doomsayer
navigate 2020/05/15 11:38:59 main menu
navigate 2020/05/15 11:38:59 status
navigate 2020/05/15 11:38:59 main menu
exit game 2020/05/15 11:38:59 sign_out
navigate 2020/07/01 11:18:30 collections
navigate 2020/07/01 11:18:30 main menu
navigate 2020/07/01 11:18:30 store
serch by name 2020/07/01 11:18:30 M
serch by name 2020/07/01 11:18:30 Ma
serch by name 2020/07/01 11:18:30 M
serch by name 2020/07/01 11:18:30 
navigate 2020/07/01 11:18:30 main menu
navigate 2020/07/01 11:18:30 status
navigate 2020/07/01 11:18:30 main menu
navigate 2020/07/01 11:18:30 collections
navigate 2020/07/01 11:18:30 main menu
navigate 2020/07/01 11:18:30 store
navigate 2020/07/01 11:18:30 main menu
exit game 2020/07/01 11:18:30 sign_out
navigate 2020/07/01 11:45:19 collections
choose deck  2020/07/01 11:45:19 1
add 2020/07/01 11:45:19 card:[Cobalt Spellkin]:[Mage]
add 2020/07/01 11:45:19 card:[Depth Charge]:[Mage]
add 2020/07/01 11:45:19 card:[Evasive Wyrm]:[Mage]
add 2020/07/01 11:45:19 card:[Blessing of the Ancients]:[Mage]
add 2020/07/01 11:45:19 card:[Piloted Shredder]:[Mage]
add 2020/07/01 11:45:19 card:[Shieldbearer]:[Mage]
add 2020/07/01 11:45:19 card:[Stonetusk Boar]:[Mage]
add 2020/07/01 11:45:19 card:[Murloc Raider]:[Mage]
add 2020/07/01 11:45:19 card:[Goldshire Footman]:[Mage]
navigate 2020/07/01 11:45:19 main menu
navigate 2020/07/01 11:45:19 store
search 2020/07/01 11:45:19 cards to buy
buy 2020/07/01 11:45:19 Polymorph
search 2020/07/01 11:45:19 cards to buy
serch by name 2020/07/01 11:45:19 
search 2020/07/01 11:45:19 cards to sell
search 2020/07/01 11:45:19 cards to buy
search 2020/07/01 11:45:19 cards to buy
serch by name 2020/07/01 11:45:19 
search 2020/07/01 11:45:19 cards to buy
serch by name 2020/07/01 11:45:19 
buy 2020/07/01 11:45:19 Learn Draconic
search 2020/07/01 11:45:19 cards to buy
serch by name 2020/07/01 11:45:19 
buy 2020/07/01 11:45:19 Strength in Numbers
search 2020/07/01 11:45:19 cards to buy
serch by name 2020/07/01 11:45:19 
buy 2020/07/01 11:45:19 Curio Collector
search 2020/07/01 11:45:19 cards to buy
serch by name 2020/07/01 11:45:19 
navigate 2020/07/01 11:45:19 main menu
navigate 2020/07/01 11:45:19 collections
add 2020/07/01 11:45:19 card:[Learn Draconic]:[Mage]
add 2020/07/01 11:45:19 card:[Learn Draconic]:[Mage]
add 2020/07/01 11:45:19 card:[Strength in Numbers]:[Mage]
add 2020/07/01 11:45:19 card:[Strength in Numbers]:[Mage]
add 2020/07/01 11:45:19 card:[Curio Collector]:[Mage]
add 2020/07/01 11:45:19 card:[Curio Collector]:[Mage]
exit game 2020/07/01 11:45:19 sign_out
navigate 2020/07/07 17:36:05 status
navigate 2020/07/07 17:36:05 main menu
navigate 2020/07/07 17:36:05 collection
choose deck  2020/07/07 17:36:05 1
navigate 2020/07/07 17:36:05 main menu
navigate 2020/07/07 17:36:05 store
search 2020/07/07 17:36:05 cards to buy
serch by name 2020/07/07 17:36:05 
search 2020/07/07 17:36:05 cards to buy
serch by name 2020/07/07 17:36:05 
buy 2020/07/07 17:36:05 Battle Axe
search 2020/07/07 17:36:05 cards to buy
serch by name 2020/07/07 17:36:05 
buy 2020/07/07 17:36:05 Book of Specters
search 2020/07/07 17:36:05 cards to buy
serch by name 2020/07/07 17:36:05 
navigate 2020/07/07 17:36:05 main menu
navigate 2020/07/07 17:36:05 collections
add 2020/07/07 17:36:05 card:[Book of Specters]:[Mage]
add 2020/07/07 17:36:05 card:[Book of Specters]:[Mage]
navigate 2020/07/07 17:36:05 store menu
serch by name 2020/07/07 17:36:05 c
serch by name 2020/07/07 17:36:05 ch
serch by name 2020/07/07 17:36:05 cha
serch by name 2020/07/07 17:36:05 chao
serch by name 2020/07/07 17:36:05 chao\
serch by name 2020/07/07 17:36:05 chao
serch by name 2020/07/07 17:36:05 cha
serch by name 2020/07/07 17:36:05 ch
serch by name 2020/07/07 17:36:05 c
serch by name 2020/07/07 17:36:05 
serch by name 2020/07/07 17:36:05 c
serch by name 2020/07/07 17:36:05 
serch by name 2020/07/07 17:36:05 C
buy 2020/07/07 17:36:05 Chaos Nova
search 2020/07/07 17:36:05 cards to buy
serch by name 2020/07/07 17:36:05 
buy 2020/07/07 17:36:05 Starfire
search 2020/07/07 17:36:05 cards to buy
serch by name 2020/07/07 17:36:05 
navigate 2020/07/07 17:36:05 main menu
navigate 2020/07/07 17:36:05 store
navigate 2020/07/07 17:36:05 main menu
navigate 2020/07/07 17:36:05 collections
add 2020/07/07 17:36:05 card:[Chaos Nova]:[Mage]
add 2020/07/07 17:36:05 card:[Chaos Nova]:[Mage]
add 2020/07/07 17:36:05 card:[Starfire]:[Mage]
navigate 2020/07/07 17:36:05 main menu
navigate 2020/07/07 17:36:05 passive page
navigate 2020/07/07 17:36:05 passive page
navigate 2020/07/07 17:36:05 passive page
navigate 2020/07/07 17:36:05 passive page
navigate 2020/07/07 17:36:05 passive page
navigate 2020/07/07 17:36:05 passive page
navigate 2020/07/07 17:49:51 passive page
choose passive 2020/07/07 17:49:51 Alchemist Stone
navigate 2020/07/07 17:49:51 start game
game 2020/07/07 17:49:51 play Murloc Raider
navigate 2020/07/07 17:49:51 main menu
exit game 2020/07/07 17:49:51 sign_out
navigate 2020/07/07 18:39:39 passive page
navigate 2020/07/07 18:39:39 start game
game 2020/07/07 18:39:39 play Stonetusk Boar
game 2020/07/07 18:39:39 end turn
game 2020/07/07 18:39:39 draw Blessing of the Ancients
game 2020/07/07 18:39:39 play Strength in Numbers
exit game 2020/07/07 18:39:39 sign_out
navigate 2020/07/07 19:26:05 passive page
navigate 2020/07/07 19:26:05 passive page
navigate 2020/07/07 21:29:49 passive page
navigate 2020/07/07 21:29:49 passive page
navigate 2020/07/07 21:41:31 passive page
navigate 2020/07/07 21:41:31 start game
exit game 2020/07/07 21:41:31 sign_out
navigate 2020/07/07 21:46:53 passive page
navigate 2020/07/07 21:46:53 start game
game 2020/07/07 21:46:53 end turn
game 2020/07/07 21:46:53 draw Chaos Nova
game 2020/07/07 21:46:53 end turn
game 2020/07/07 21:46:53 draw Learn Draconic
game 2020/07/07 21:46:53 end turn
game 2020/07/07 21:46:53 draw Murloc Raider
exit game 2020/07/07 21:46:53 sign_out
navigate 2020/07/07 21:48:56 passive page
navigate 2020/07/07 21:48:56 start game
exit game 2020/07/07 21:48:56 sign_out
navigate 2020/07/07 21:57:36 passive page
navigate 2020/07/07 21:57:36 start game
exit game 2020/07/07 21:57:36 sign_out
navigate 2020/07/07 21:58:56 passive page
navigate 2020/07/07 21:58:56 start game
exit game 2020/07/07 21:58:56 sign_out
navigate 2020/07/07 22:06:29 passive page
navigate 2020/07/07 22:06:29 start game
game 2020/07/07 22:06:29 end turn
game 2020/07/07 22:06:29 draw Learn Draconic
game 2020/07/07 22:06:29 play Learn Draconic
game 2020/07/07 22:06:29 end turn
game 2020/07/07 22:06:29 draw Shieldbearer
game 2020/07/07 22:06:29 play Doomsayer
exit game 2020/07/07 22:06:29 sign_out
navigate 2020/07/07 22:12:54 passive page
navigate 2020/07/07 22:12:54 start game
game 2020/07/07 22:12:54 end turn
game 2020/07/07 22:12:54 draw Murloc Raider
game 2020/07/07 22:12:54 play Murloc Raider
exit game 2020/07/07 22:12:54 sign_out
navigate 2020/07/08 10:27:28 passive page
navigate 2020/07/08 10:27:28 start game
game 2020/07/08 10:27:28 end turn
game 2020/07/08 10:27:28 draw Cobalt Spellkin
game 2020/07/08 10:27:28 play Mana Wyrm
game 2020/07/08 10:27:28 end turn
game 2020/07/08 10:27:28 draw Piloted Shredder
game 2020/07/08 10:27:28 play Doomsayer
exit game 2020/07/08 10:27:28 sign_out
navigate 2020/07/08 10:31:01 passive page
navigate 2020/07/08 10:31:01 start game
game 2020/07/08 10:31:01 play Goldshire Footman
game 2020/07/08 10:31:01 end turn
game 2020/07/08 10:31:01 draw Book of Specters
game 2020/07/08 10:31:01 play Book of Specters
game 2020/07/08 10:31:01 end turn
game 2020/07/08 10:31:01 draw Murloc Raider
game 2020/07/08 10:31:01 play Stonetusk Boar
game 2020/07/08 10:31:01 end turn
game 2020/07/08 10:31:01 draw Evasive Wyrm
game 2020/07/08 10:31:01 play Learn Draconic
exit game 2020/07/08 10:31:01 sign_out
navigate 2020/07/08 10:43:30 passive page
navigate 2020/07/08 10:43:30 start game
game 2020/07/08 10:43:30 play Stonetusk Boar
game 2020/07/08 10:43:30 end turn
game 2020/07/08 10:43:30 draw Piloted Shredder
game 2020/07/08 10:43:30 play Stonetusk Boar
game 2020/07/08 10:43:30 play Learn Draconic
game 2020/07/08 10:43:30 end turn
game 2020/07/08 10:43:30 draw Aranasi Broodmother
game 2020/07/08 10:43:30 end turn
game 2020/07/08 10:43:30 draw Goldshire Footman
game 2020/07/08 10:43:30 play Goldshire Footman
game 2020/07/08 10:43:30 end turn
game 2020/07/08 10:43:30 draw Piloted Shredder
game 2020/07/08 10:43:30 play Doomsayer
game 2020/07/08 10:43:30 play Doomsayer
exit game 2020/07/08 10:43:30 sign_out
navigate 2020/07/08 10:52:04 passive page
navigate 2020/07/08 10:52:04 start game
game 2020/07/08 10:52:04 play Depth charge
game 2020/07/08 10:52:04 end turn
game 2020/07/08 10:52:04 draw Shieldbearer
game 2020/07/08 10:52:04 play Shieldbearer
game 2020/07/08 10:52:04 play Murloc Raider
game 2020/07/08 10:52:04 end turn
game 2020/07/08 10:52:04 draw Aranasi Broodmother
navigate 2020/07/08 11:11:26 passive page
navigate 2020/07/08 11:11:26 start game
game 2020/07/08 11:11:26 play Stonetusk Boar
game 2020/07/08 11:11:26 end turn
game 2020/07/08 11:11:26 draw Goldshire Footman
game 2020/07/08 11:11:26 play Shieldbearer
game 2020/07/08 11:11:26 end turn
game 2020/07/08 11:11:26 draw Goldshire Footman
game 2020/07/08 11:11:26 play Goldshire Footman
exit game 2020/07/08 11:11:26 sign_out
navigate 2020/07/08 11:16:40 passive page
navigate 2020/07/08 11:16:40 start game
game 2020/07/08 11:16:40 play Shieldbearer
navigate 2020/07/08 11:19:28 passive page
navigate 2020/07/08 11:19:28 start game
game 2020/07/08 11:19:28 end turn
game 2020/07/08 11:19:28 draw Depth Charge
game 2020/07/08 11:19:28 end turn
game 2020/07/08 11:19:28 draw Curio Collector
game 2020/07/08 11:19:28 play Dreadscale
game 2020/07/08 11:19:28 end turn
game 2020/07/08 11:19:28 draw Evasive Wyrm
game 2020/07/08 11:19:28 end turn
game 2020/07/08 11:19:28 draw Shieldbearer
game 2020/07/08 11:19:28 play Depth charge
game 2020/07/08 11:19:28 end turn
game 2020/07/08 11:19:28 draw Stonetusk Boar
navigate 2020/07/08 11:24:10 passive page
navigate 2020/07/08 11:24:10 start game
game 2020/07/08 11:24:10 play Shieldbearer
exit game 2020/07/08 11:24:10 sign_out
navigate 2020/07/08 11:26:30 passive page
navigate 2020/07/08 11:26:30 start game
game 2020/07/08 11:26:30 play Goldshire Footman
game 2020/07/08 11:26:30 end turn
game 2020/07/08 11:26:30 draw Strength in Numbers
game 2020/07/08 11:26:30 play Stonetusk Boar
game 2020/07/08 11:26:30 end turn
game 2020/07/08 11:26:30 draw Shieldbearer
exit game 2020/07/08 11:26:30 sign_out
navigate 2020/07/08 11:28:17 passive page
navigate 2020/07/08 11:28:17 start game
game 2020/07/08 11:28:17 end turn
game 2020/07/08 11:28:17 draw Stonetusk Boar
game 2020/07/08 11:28:17 play Depth charge
game 2020/07/08 11:28:17 play Stonetusk Boar
game 2020/07/08 11:28:17 end turn
game 2020/07/08 11:28:17 draw Blessing of the Ancients
game 2020/07/08 11:28:17 play Blessing of the Ancients
game 2020/07/08 11:28:17 end turn
game 2020/07/08 11:28:17 draw Mana Wyrm
game 2020/07/08 11:28:17 end turn
game 2020/07/08 11:28:17 draw Stonetusk Boar
game 2020/07/08 11:28:17 play Stonetusk Boar
game 2020/07/08 11:28:17 end turn
game 2020/07/08 11:28:17 draw Polymorph
game 2020/07/08 11:28:17 play Friendly Smith
game 2020/07/08 11:28:17 play Mana Wyrm
exit game 2020/07/08 11:28:17 sign_out
navigate 2020/07/08 11:43:38 passive page
navigate 2020/07/08 11:43:38 start game
game 2020/07/08 11:43:38 play Murloc Raider
game 2020/07/08 11:43:38 end turn
game 2020/07/08 11:43:38 draw Gnomish Inventor
navigate 2020/07/08 11:48:41 passive page
navigate 2020/07/08 11:48:41 start game
game 2020/07/08 11:48:41 end turn
game 2020/07/08 11:48:41 draw Goldshire Footman
game 2020/07/08 11:48:41 play Goldshire Footman
game 2020/07/08 11:48:41 end turn
game 2020/07/08 11:48:41 draw Stonetusk Boar
game 2020/07/08 11:48:41 play Mana Wyrm
game 2020/07/08 11:48:41 end turn
game 2020/07/08 11:48:41 draw Polymorph
navigate 2020/07/08 11:53:42 passive page
navigate 2020/07/08 11:53:42 start game
game 2020/07/08 11:53:42 play Strength in Numbers
game 2020/07/08 11:53:42 end turn
game 2020/07/08 11:53:42 draw Friendly Smith
exit game 2020/07/08 11:53:42 sign_out
navigate 2020/07/08 11:58:42 passive page
navigate 2020/07/08 11:58:42 start game
game 2020/07/08 11:58:42 play Depth charge
game 2020/07/08 11:58:42 play Goldshire Footman
game 2020/07/08 11:58:42 end turn
game 2020/07/08 11:58:42 draw Evasive Wyrm
navigate 2020/07/08 12:08:23 passive page
navigate 2020/07/08 12:08:23 start game
game 2020/07/08 12:08:23 play Shieldbearer
game 2020/07/08 12:08:23 end turn
game 2020/07/08 12:08:23 draw Shieldbearer
game 2020/07/08 12:08:23 play Shieldbearer
game 2020/07/08 12:08:23 end turn
game 2020/07/08 12:08:23 draw Shieldbearer
game 2020/07/08 12:08:23 play Shieldbearer
game 2020/07/08 12:08:23 end turn
game 2020/07/08 12:08:23 draw Hunter's Mark
game 2020/07/08 12:08:23 play Dreadscale
game 2020/07/08 12:08:23 play Hunter's Mark
game 2020/07/08 12:08:23 end turn
game 2020/07/08 12:08:23 draw Goldshire Footman
game 2020/07/08 12:08:23 play Curio Collector
game 2020/07/08 12:08:23 end turn
game 2020/07/08 12:08:23 draw Blessing of the Ancients
game 2020/07/08 12:08:23 play Blessing of the Ancients
exit game 2020/07/08 12:08:23 sign_out
navigate 2020/07/09 12:01:31 passive page
navigate 2020/07/09 12:01:31 start game
game 2020/07/09 12:01:31 play Strength in Numbers
game 2020/07/09 12:01:31 end turn
game 2020/07/09 12:01:31 draw Mana Wyrm
game 2020/07/09 12:01:31 play Mana Wyrm
game 2020/07/09 12:01:31 end turn
game 2020/07/09 12:01:31 draw Learn Draconic
game 2020/07/09 12:01:31 play Learn Draconic
game 2020/07/09 12:01:31 end turn
game 2020/07/09 12:01:31 draw Aranasi Broodmother
game 2020/07/09 12:01:31 play Dreadscale
navigate 2020/07/09 12:04:58 passive page
navigate 2020/07/09 12:04:58 start game
game 2020/07/09 12:04:58 play Shieldbearer
game 2020/07/09 12:04:58 end turn
game 2020/07/09 12:04:58 draw Depth Charge
game 2020/07/09 12:04:58 play Depth charge
navigate 2020/07/09 12:08:41 passive page
navigate 2020/07/09 12:08:41 start game
game 2020/07/09 12:08:41 play Murloc Raider
game 2020/07/09 12:08:41 end turn
game 2020/07/09 12:08:41 draw Depth Charge
game 2020/07/09 12:08:41 play Depth charge
navigate 2020/07/09 12:12:44 passive page
navigate 2020/07/09 12:12:44 start game
game 2020/07/09 12:12:44 play Shieldbearer
game 2020/07/09 12:12:44 end turn
game 2020/07/09 12:12:44 draw Evasive Wyrm
game 2020/07/09 12:12:44 play Murloc Raider
game 2020/07/09 12:12:44 play Friendly Smith
navigate 2020/07/09 12:22:15 passive page
navigate 2020/07/09 12:22:15 start game
game 2020/07/09 12:22:15 play Learn Draconic
game 2020/07/09 12:22:15 end turn
game 2020/07/09 12:22:15 draw Chaos Nova
game 2020/07/09 12:22:15 end turn
game 2020/07/09 12:22:15 draw Mana Wyrm
game 2020/07/09 12:22:15 play Mana Wyrm
game 2020/07/09 12:22:15 end turn
game 2020/07/09 12:22:15 draw Dreadscale
game 2020/07/09 12:22:15 play Dreadscale
navigate 2020/07/09 12:48:05 passive page
navigate 2020/07/09 12:48:05 start game
game 2020/07/09 12:48:05 play Strength in Numbers
game 2020/07/09 12:48:05 end turn
game 2020/07/09 12:48:05 draw cards.Minion@39c35d2
game 2020/07/09 12:48:05 play Depth charge
navigate 2020/07/09 12:52:03 passive page
navigate 2020/07/09 12:52:03 start game
game 2020/07/09 12:52:03 end turn
game 2020/07/09 12:52:03 draw cards.Minion@6e291055
game 2020/07/09 12:52:03 play Depth Charge
game 2020/07/09 12:52:03 end turn
game 2020/07/09 12:52:03 draw cards.Minion@49461454
game 2020/07/09 12:52:03 play Mana Wyrm
exit game 2020/07/09 12:52:03 sign_out
navigate 2020/07/09 20:29:55 passive page
navigate 2020/07/09 20:29:55 start game
navigate 2020/07/09 20:34:27 passive page
navigate 2020/07/09 20:34:27 start game
exit game 2020/07/09 20:34:27 sign_out
navigate 2020/07/09 20:43:55 passive page
navigate 2020/07/09 20:43:55 start game
exit game 2020/07/09 20:43:55 sign_out
navigate 2020/07/09 20:48:45 passive page
navigate 2020/07/09 20:48:45 start game
exit game 2020/07/09 20:48:45 sign_out
navigate 2020/07/09 20:57:50 passive page
navigate 2020/07/09 20:57:50 start game
exit game 2020/07/09 20:57:50 sign_out
navigate 2020/07/10 14:03:20 passive page
navigate 2020/07/10 14:03:20 start game
exit game 2020/07/10 14:03:20 sign_out
navigate 2020/07/10 14:06:23 passive page
navigate 2020/07/10 14:06:23 start game
exit game 2020/07/10 14:06:23 sign_out
navigate 2020/07/10 14:09:52 collections
navigate 2020/07/10 14:09:52 main menu
navigate 2020/07/10 14:09:52 passive page
navigate 2020/07/10 14:09:52 start game
exit game 2020/07/10 14:09:52 sign_out
navigate 2020/07/10 14:11:49 passive page
navigate 2020/07/10 14:11:49 start game
exit game 2020/07/10 14:11:49 sign_out
navigate 2020/07/10 18:42:43 passive page
navigate 2020/07/10 18:42:43 start game
navigate 2020/07/10 18:47:37 passive page
navigate 2020/07/10 18:47:37 start game
navigate 2020/07/10 18:52:44 passive page
navigate 2020/07/10 18:52:44 start game
navigate 2020/07/10 18:56:42 passive page
navigate 2020/07/10 18:56:42 start game
navigate 2020/07/10 19:04:27 passive page
navigate 2020/07/10 19:04:27 start game
navigate 2020/07/10 19:08:18 passive page
navigate 2020/07/10 19:08:18 start game
navigate 2020/07/10 19:13:47 passive page
choose passive 2020/07/10 19:13:47 Aprinces Ring
navigate 2020/07/10 19:13:47 start game
navigate 2020/07/10 19:16:31 passive page
navigate 2020/07/10 19:16:31 start game
navigate 2020/07/10 19:19:58 passive page
navigate 2020/07/10 19:19:58 start game
navigate 2020/07/11 09:06:04 passive page
navigate 2020/07/11 09:12:51 passive page
navigate 2020/07/11 09:15:35 passive page
navigate 2020/07/11 09:15:35 start game
game 2020/07/11 09:15:35 play Depth Charge
navigate 2020/07/11 09:28:21 passive page
navigate 2020/07/11 09:28:21 start game
game 2020/07/11 09:28:21 play Learn Draconic
game 2020/07/11 09:28:21 end turn
game 2020/07/11 09:28:21 draw Strength in Numbers
game 2020/07/11 09:28:21 end turn
game 2020/07/11 09:28:21 draw Polymorph
game 2020/07/11 09:28:21 play Goldshire Footman
game 2020/07/11 09:28:21 play Goldshire Footman
exit game 2020/07/11 09:28:21 sign_out
navigate 2020/07/11 09:47:39 passive page
navigate 2020/07/11 09:47:39 start game
game 2020/07/11 09:47:39 play Friendly Smith
exit game 2020/07/11 09:47:39 sign_out
navigate 2020/07/11 09:52:28 passive page
navigate 2020/07/11 09:52:28 start game
game 2020/07/11 09:52:28 play Stonetusk Boar
game 2020/07/11 09:52:28 end turn
game 2020/07/11 09:52:28 draw Chaos Nova
game 2020/07/11 09:52:28 play Depth Charge
game 2020/07/11 09:52:28 end turn
game 2020/07/11 09:52:28 draw Doomsayer
game 2020/07/11 09:52:28 end turn
game 2020/07/11 09:52:28 draw Book of Specters
game 2020/07/11 09:52:28 play Book of Specters
game 2020/07/11 09:52:28 end turn
game 2020/07/11 09:52:28 draw Chaos Nova
game 2020/07/11 09:52:28 play Doomsayer
game 2020/07/11 09:52:28 end turn
game 2020/07/11 09:52:28 draw Piloted Shredder
game 2020/07/11 09:52:28 play Cobalt Spellkin
game 2020/07/11 09:52:28 end turn
game 2020/07/11 09:52:28 draw Polymorph
game 2020/07/11 09:52:28 end turn
game 2020/07/11 09:52:28 draw Learn Draconic
game 2020/07/11 09:52:28 end turn
game 2020/07/11 09:52:28 draw Swarm of Locusts
game 2020/07/11 09:52:28 end turn
game 2020/07/11 09:52:28 draw Stonetusk Boar
game 2020/07/11 09:52:28 end turn
game 2020/07/11 09:52:28 draw Stonetusk Boar
game 2020/07/11 09:52:28 end turn
game 2020/07/11 09:52:28 draw Goldshire Footman
game 2020/07/11 09:52:28 end turn
game 2020/07/11 09:52:28 draw Aranasi Broodmother
game 2020/07/11 09:52:28 end turn
game 2020/07/11 09:52:28 draw Chaos Nova
game 2020/07/11 09:52:28 play Goldshire Footman
game 2020/07/11 09:52:28 play Chaos Nova
exit game 2020/07/11 09:52:28 sign_out
navigate 2020/07/11 10:17:12 passive page
navigate 2020/07/11 10:17:12 start game
game 2020/07/11 10:17:12 play Strength in Numbers
navigate 2020/07/11 10:22:28 passive page
navigate 2020/07/11 10:22:28 start game
game 2020/07/11 10:22:28 play Stonetusk Boar
exit game 2020/07/11 10:22:28 sign_out
navigate 2020/07/11 10:27:04 passive page
navigate 2020/07/11 10:27:04 start game
game 2020/07/11 10:27:04 end turn
game 2020/07/11 10:27:04 draw Strength in Numbers
game 2020/07/11 10:27:04 end turn
game 2020/07/11 10:27:04 draw Aranasi Broodmother
game 2020/07/11 10:27:04 play Strength in Numbers
game 2020/07/11 10:27:04 end turn
game 2020/07/11 10:27:04 draw Chaos Nova
game 2020/07/11 10:27:04 play Hunter's Mark
game 2020/07/11 10:27:04 end turn
game 2020/07/11 10:27:04 draw Polymorph
game 2020/07/11 10:27:04 play Piloted Shredder
game 2020/07/11 10:27:04 end turn
game 2020/07/11 10:27:04 draw Shieldbearer
game 2020/07/11 10:27:04 play Cobalt Spellkin
exit game 2020/07/11 10:27:04 sign_out
navigate 2020/07/11 10:33:43 passive page
navigate 2020/07/11 10:33:43 start game
game 2020/07/11 10:33:43 end turn
game 2020/07/11 10:33:43 draw Chaos Nova
game 2020/07/11 10:33:43 play Stonetusk Boar
game 2020/07/11 10:33:43 end turn
game 2020/07/11 10:33:43 draw Book of Specters
exit game 2020/07/11 10:33:43 sign_out
navigate 2020/07/11 10:41:40 passive page
navigate 2020/07/11 10:41:40 start game
game 2020/07/11 10:41:40 end turn
game 2020/07/11 10:41:40 draw Aranasi Broodmother
game 2020/07/11 10:41:40 play Murloc Raider
game 2020/07/11 10:41:40 end turn
game 2020/07/11 10:41:40 draw Murloc Raider
game 2020/07/11 10:41:40 play Book of Specters
exit game 2020/07/11 10:41:40 sign_out
navigate 2020/07/11 12:27:29 passive page
navigate 2020/07/11 12:27:29 start game
game 2020/07/11 12:27:29 end turn
game 2020/07/11 12:27:29 draw Swarm of Locusts
game 2020/07/11 12:27:29 end turn
game 2020/07/11 12:27:29 draw Stonetusk Boar
game 2020/07/11 12:27:29 end turn
game 2020/07/11 12:27:29 draw Doomsayer
game 2020/07/11 12:27:29 play Doomsayer
game 2020/07/11 12:27:29 end turn
game 2020/07/11 12:27:29 draw Book of Specters
game 2020/07/11 12:27:29 play Stonetusk Boar
game 2020/07/11 12:27:29 end turn
game 2020/07/11 12:27:29 draw Chaos Nova
exit game 2020/07/11 12:27:29 sign_out
navigate 2020/07/11 12:32:06 passive page
navigate 2020/07/11 12:32:06 start game
game 2020/07/11 12:32:06 play Goldshire Footman
game 2020/07/11 12:32:06 end turn
game 2020/07/11 12:32:06 draw Stonetusk Boar
game 2020/07/11 12:32:06 play Stonetusk Boar
game 2020/07/11 12:32:06 end turn
game 2020/07/11 12:32:06 draw Evasive Wyrm
navigate 2020/07/11 12:36:02 passive page
navigate 2020/07/11 12:36:02 start game
game 2020/07/11 12:36:02 play Goldshire Footman
game 2020/07/11 12:36:02 end turn
game 2020/07/11 12:36:02 draw Starfire
game 2020/07/11 12:36:02 play Stonetusk Boar
game 2020/07/11 12:36:02 end turn
game 2020/07/11 12:36:02 draw Murloc Raider
exit game 2020/07/11 12:36:02 sign_out
navigate 2020/07/11 15:12:11 passive page
navigate 2020/07/11 15:12:11 start game
game 2020/07/11 15:12:11 play Stonetusk Boar
game 2020/07/11 15:12:11 end turn
game 2020/07/11 15:12:11 draw Stonetusk Boar
game 2020/07/11 15:12:11 end turn
game 2020/07/11 15:12:11 draw Book of Specters
game 2020/07/11 15:12:11 end turn
game 2020/07/11 15:12:11 draw Piloted Shredder
game 2020/07/11 15:12:11 play Stonetusk Boar
game 2020/07/11 15:12:11 end turn
game 2020/07/11 15:12:11 draw Goldshire Footman
navigate 2020/07/11 15:18:17 passive page
navigate 2020/07/11 15:18:17 start game
game 2020/07/11 15:18:17 play Stonetusk Boar
game 2020/07/11 15:18:17 end turn
game 2020/07/11 15:18:17 draw Mana Wyrm
game 2020/07/11 15:18:17 end turn
game 2020/07/11 15:18:17 draw Learn Draconic
game 2020/07/11 15:18:17 end turn
game 2020/07/11 15:18:17 draw Chaos Nova
game 2020/07/11 15:18:17 play Mana Wyrm
game 2020/07/11 15:18:17 end turn
game 2020/07/11 15:18:17 draw Strength in Numbers
navigate 2020/07/11 15:22:20 passive page
navigate 2020/07/11 15:22:20 start game
game 2020/07/11 15:22:20 play Shieldbearer
game 2020/07/11 15:22:20 end turn
game 2020/07/11 15:22:20 draw Dreadscale
game 2020/07/11 15:22:20 end turn
game 2020/07/11 15:22:20 draw Chaos Nova
game 2020/07/11 15:22:20 end turn
game 2020/07/11 15:22:20 draw Polymorph
game 2020/07/11 15:22:20 play Mana Wyrm
game 2020/07/11 15:22:20 end turn
game 2020/07/11 15:22:20 draw Chaos Nova
navigate 2020/07/11 15:30:20 passive page
navigate 2020/07/11 15:30:20 start game
game 2020/07/11 15:30:20 play Depth Charge
game 2020/07/11 15:30:20 end turn
game 2020/07/11 15:30:20 draw Doomsayer
game 2020/07/11 15:30:20 end turn
game 2020/07/11 15:30:20 draw Murloc Raider
game 2020/07/11 15:30:20 play Murloc Raider
game 2020/07/11 15:30:20 end turn
game 2020/07/11 15:30:20 draw Depth Charge
game 2020/07/11 15:30:20 play Depth Charge
game 2020/07/11 15:30:20 end turn
game 2020/07/11 15:30:20 draw Murloc Raider
navigate 2020/07/11 15:37:17 passive page
navigate 2020/07/11 15:37:17 start game
game 2020/07/11 15:37:17 play Goldshire Footman
game 2020/07/11 15:37:17 end turn
game 2020/07/11 15:37:17 draw Chaos Nova
game 2020/07/11 15:37:17 end turn
game 2020/07/11 15:37:17 draw Curio Collector
navigate 2020/07/11 15:45:59 passive page
navigate 2020/07/11 15:45:59 start game
game 2020/07/11 15:45:59 play Murloc Raider
game 2020/07/11 15:45:59 end turn
game 2020/07/11 15:45:59 draw Sprint
game 2020/07/11 15:45:59 play Murloc Raider
game 2020/07/11 15:45:59 end turn
game 2020/07/11 15:45:59 draw Chaos Nova
exit game 2020/07/11 15:45:59 sign_out
navigate 2020/07/11 15:50:13 passive page
navigate 2020/07/11 15:50:13 start game
game 2020/07/11 15:50:13 play Stonetusk Boar
exit game 2020/07/11 15:50:13 sign_out
navigate 2020/07/11 15:52:32 passive page
navigate 2020/07/11 15:52:32 start game
game 2020/07/11 15:52:32 play Learn Draconic
game 2020/07/11 15:52:32 end turn
game 2020/07/11 15:52:32 draw Dreadscale
game 2020/07/11 15:52:32 play Stonetusk Boar
exit game 2020/07/11 15:52:32 sign_out
navigate 2020/07/11 16:03:41 passive page
navigate 2020/07/11 16:03:41 start game
game 2020/07/11 16:03:41 play Shieldbearer
game 2020/07/11 16:03:41 end turn
game 2020/07/11 16:03:41 draw Blessing of the Ancients
navigate 2020/07/11 16:07:19 passive page
navigate 2020/07/11 16:07:19 start game
game 2020/07/11 16:07:19 play Stonetusk Boar
exit game 2020/07/11 16:07:19 sign_out
navigate 2020/07/11 16:14:48 passive page
navigate 2020/07/11 16:14:48 start game
game 2020/07/11 16:14:48 play Depth Charge
game 2020/07/11 16:14:48 end turn
game 2020/07/11 16:14:48 draw Sprint
game 2020/07/11 16:14:48 end turn
game 2020/07/11 16:14:48 draw Chaos Nova
game 2020/07/11 16:14:48 end turn
game 2020/07/11 16:14:48 draw Polymorph
game 2020/07/11 16:14:48 end turn
game 2020/07/11 16:14:48 draw Blessing of the Ancients
game 2020/07/11 16:14:48 end turn
game 2020/07/11 16:14:48 draw Starfire
game 2020/07/11 16:14:48 end turn
game 2020/07/11 16:14:48 draw Mana Wyrm
game 2020/07/11 16:14:48 play Strength in Numbers
game 2020/07/11 16:14:48 end turn
game 2020/07/11 16:14:48 draw Evasive Wyrm
game 2020/07/11 16:14:48 end turn
game 2020/07/11 16:14:48 draw Piloted Shredder
game 2020/07/11 16:14:48 end turn
game 2020/07/11 16:14:48 draw Aranasi Broodmother
game 2020/07/11 16:14:48 end turn
game 2020/07/11 16:14:48 draw Book of Specters
game 2020/07/11 16:14:48 play Chaos Nova
game 2020/07/11 16:14:48 end turn
game 2020/07/11 16:14:48 draw Stonetusk Boar
game 2020/07/11 16:14:48 play Stonetusk Boar
game 2020/07/11 16:14:48 end turn
game 2020/07/11 16:14:48 draw Cobalt Spellkin
game 2020/07/11 16:14:48 play Blessing of the Ancients
game 2020/07/11 16:14:48 end turn
game 2020/07/11 16:14:48 draw Sprint
game 2020/07/11 16:14:48 end turn
game 2020/07/11 16:14:48 draw Depth Charge
game 2020/07/11 16:14:48 end turn
game 2020/07/11 16:14:48 draw Goldshire Footman
game 2020/07/11 16:14:48 end turn
game 2020/07/11 16:14:48 draw Murloc Raider
game 2020/07/11 16:14:48 end turn
game 2020/07/11 16:14:48 draw Chaos Nova
game 2020/07/11 16:14:48 end turn
game 2020/07/11 16:14:48 draw Learn Draconic
game 2020/07/11 16:14:48 play Mana Wyrm
game 2020/07/11 16:14:48 play Curio Collector
game 2020/07/11 16:14:48 play Book of Specters
game 2020/07/11 16:14:48 end turn
game 2020/07/11 16:14:48 draw Stonetusk Boar
exit game 2020/07/11 16:14:48 sign_out
navigate 2020/07/11 16:34:21 passive page
navigate 2020/07/11 16:34:21 start game
game 2020/07/11 16:34:21 play Depth Charge
game 2020/07/11 16:34:21 end turn
game 2020/07/11 16:34:21 draw Cobalt Spellkin
game 2020/07/11 16:34:21 end turn
game 2020/07/11 16:34:21 draw Strength in Numbers
game 2020/07/11 16:34:21 play Murloc Raider
game 2020/07/11 16:34:21 play Goldshire Footman
game 2020/07/11 16:34:21 end turn
game 2020/07/11 16:34:21 draw Sprint
exit game 2020/07/11 16:34:21 sign_out
navigate 2020/07/11 16:43:50 passive page
navigate 2020/07/11 16:43:50 start game
game 2020/07/11 16:43:50 play Depth Charge
exit game 2020/07/11 16:43:50 sign_out
navigate 2020/07/11 16:52:33 passive page
navigate 2020/07/11 16:52:33 start game
game 2020/07/11 16:52:33 play Murloc Raider
exit game 2020/07/11 16:52:33 sign_out
navigate 2020/07/11 16:55:14 passive page
navigate 2020/07/11 16:55:14 start game
game 2020/07/11 16:55:14 play Shieldbearer
exit game 2020/07/11 16:55:14 sign_out
navigate 2020/07/11 17:00:40 passive page
navigate 2020/07/11 17:00:40 start game
game 2020/07/11 17:00:40 end turn
game 2020/07/11 17:00:40 draw Depth Charge
game 2020/07/11 17:00:40 play Stonetusk Boar
game 2020/07/11 17:00:40 end turn
game 2020/07/11 17:00:40 draw Book of Specters
exit game 2020/07/11 17:00:40 sign_out
navigate 2020/07/11 17:08:01 passive page
navigate 2020/07/11 17:08:01 start game
game 2020/07/11 17:08:01 play Shieldbearer
game 2020/07/11 17:08:01 end turn
game 2020/07/11 17:08:01 draw Mana Wyrm
game 2020/07/11 17:08:01 play Stonetusk Boar
game 2020/07/11 17:08:01 end turn
game 2020/07/11 17:08:01 draw Learn Draconic
navigate 2020/07/11 17:11:16 passive page
navigate 2020/07/11 17:11:16 start game
game 2020/07/11 17:11:16 play Depth Charge
game 2020/07/11 17:11:16 end turn
game 2020/07/11 17:11:16 draw Shieldbearer
game 2020/07/11 17:11:16 play Shieldbearer
game 2020/07/11 17:11:16 end turn
game 2020/07/11 17:11:16 draw Book of Specters
game 2020/07/11 17:11:16 play Depth Charge
game 2020/07/11 17:11:16 end turn
game 2020/07/11 17:11:16 draw Hunter's Mark
exit game 2020/07/11 17:11:16 sign_out
navigate 2020/07/11 17:13:48 passive page
navigate 2020/07/11 17:13:48 start game
game 2020/07/11 17:13:48 play Depth Charge
game 2020/07/11 17:13:48 end turn
game 2020/07/11 17:13:48 draw Evasive Wyrm
game 2020/07/11 17:13:48 end turn
game 2020/07/11 17:13:48 draw Evasive Wyrm
game 2020/07/11 17:13:48 end turn
game 2020/07/11 17:13:48 draw Stonetusk Boar
game 2020/07/11 17:13:48 play Stonetusk Boar
game 2020/07/11 17:13:48 end turn
game 2020/07/11 17:13:48 draw Murloc Raider
game 2020/07/11 17:13:48 end turn
game 2020/07/11 17:13:48 draw Depth Charge
game 2020/07/11 17:13:48 end turn
game 2020/07/11 17:13:48 draw Shieldbearer
game 2020/07/11 17:13:48 play Murloc Raider
game 2020/07/11 17:13:48 play Shieldbearer
exit game 2020/07/11 17:13:48 sign_out
